{"C:\\Users\\bhuva\\Desktop\\ProjectForge-dev\\frontend\\src\\assets\\logo\\logo.jpg": {"path":"C:\\Users\\bhuva\\Desktop\\ProjectForge-dev\\frontend\\src\\assets\\logo\\logo.jpg","statementMap":{},"fnMap":{},"branchMap":{},"s":{},"f":{},"b":{},"meta":{"lastBranch":0,"lastFunction":0,"lastStatement":0,"seen":{},"fnNames":{}}}
,"C:\\Users\\bhuva\\Desktop\\ProjectForge-dev\\frontend\\src\\pages\\Auth\\login.jsx": {"path":"C:\\Users\\bhuva\\Desktop\\ProjectForge-dev\\frontend\\src\\pages\\Auth\\login.jsx","statementMap":{"0":{"start":{"line":9,"column":10},"end":{"line":9,"column":null}},"1":{"start":{"line":10,"column":10},"end":{"line":10,"column":null}},"2":{"start":{"line":11,"column":32},"end":{"line":14,"column":null}},"3":{"start":{"line":16,"column":28},"end":{"line":16,"column":null}},"4":{"start":{"line":18,"column":21},"end":{"line":36,"column":null}},"5":{"start":{"line":19,"column":26},"end":{"line":19,"column":null}},"6":{"start":{"line":20,"column":29},"end":{"line":20,"column":null}},"7":{"start":{"line":22,"column":8},"end":{"line":26,"column":null}},"8":{"start":{"line":23,"column":12},"end":{"line":23,"column":null}},"9":{"start":{"line":24,"column":8},"end":{"line":26,"column":null}},"10":{"start":{"line":25,"column":12},"end":{"line":25,"column":null}},"11":{"start":{"line":28,"column":8},"end":{"line":32,"column":null}},"12":{"start":{"line":29,"column":12},"end":{"line":29,"column":null}},"13":{"start":{"line":30,"column":8},"end":{"line":32,"column":null}},"14":{"start":{"line":31,"column":12},"end":{"line":31,"column":null}},"15":{"start":{"line":34,"column":8},"end":{"line":34,"column":null}},"16":{"start":{"line":35,"column":8},"end":{"line":35,"column":null}},"17":{"start":{"line":38,"column":25},"end":{"line":46,"column":null}},"18":{"start":{"line":39,"column":32},"end":{"line":39,"column":null}},"19":{"start":{"line":41,"column":8},"end":{"line":41,"column":null}},"20":{"start":{"line":41,"column":31},"end":{"line":41,"column":58}},"21":{"start":{"line":43,"column":8},"end":{"line":45,"column":null}},"22":{"start":{"line":44,"column":12},"end":{"line":44,"column":null}},"23":{"start":{"line":44,"column":33},"end":{"line":44,"column":57}},"24":{"start":{"line":48,"column":25},"end":{"line":78,"column":null}},"25":{"start":{"line":49,"column":8},"end":{"line":49,"column":null}},"26":{"start":{"line":51,"column":8},"end":{"line":77,"column":null}},"27":{"start":{"line":52,"column":12},"end":{"line":76,"column":null}},"28":{"start":{"line":53,"column":28},"end":{"line":56,"column":null}},"29":{"start":{"line":58,"column":30},"end":{"line":58,"column":null}},"30":{"start":{"line":59,"column":29},"end":{"line":59,"column":null}},"31":{"start":{"line":61,"column":16},"end":{"line":64,"column":null}},"32":{"start":{"line":62,"column":20},"end":{"line":62,"column":null}},"33":{"start":{"line":63,"column":20},"end":{"line":63,"column":null}},"34":{"start":{"line":66,"column":16},"end":{"line":66,"column":null}},"35":{"start":{"line":67,"column":16},"end":{"line":69,"column":null}},"36":{"start":{"line":68,"column":20},"end":{"line":68,"column":null}},"37":{"start":{"line":71,"column":16},"end":{"line":71,"column":null}},"38":{"start":{"line":72,"column":35},"end":{"line":72,"column":null}},"39":{"start":{"line":73,"column":16},"end":{"line":73,"column":null}},"40":{"start":{"line":75,"column":16},"end":{"line":75,"column":null}},"41":{"start":{"line":80,"column":32},"end":{"line":102,"column":null}},"42":{"start":{"line":81,"column":8},"end":{"line":101,"column":null}},"43":{"start":{"line":82,"column":24},"end":{"line":82,"column":null}},"44":{"start":{"line":83,"column":26},"end":{"line":83,"column":null}},"45":{"start":{"line":84,"column":25},"end":{"line":84,"column":null}},"46":{"start":{"line":86,"column":12},"end":{"line":89,"column":null}},"47":{"start":{"line":87,"column":16},"end":{"line":87,"column":null}},"48":{"start":{"line":88,"column":16},"end":{"line":88,"column":null}},"49":{"start":{"line":91,"column":12},"end":{"line":91,"column":null}},"50":{"start":{"line":92,"column":12},"end":{"line":94,"column":null}},"51":{"start":{"line":93,"column":16},"end":{"line":93,"column":null}},"52":{"start":{"line":96,"column":12},"end":{"line":96,"column":null}},"53":{"start":{"line":97,"column":31},"end":{"line":97,"column":null}},"54":{"start":{"line":98,"column":12},"end":{"line":98,"column":null}},"55":{"start":{"line":100,"column":12},"end":{"line":100,"column":null}},"56":{"start":{"line":104,"column":4},"end":{"line":242,"column":null}},"57":{"start":{"line":211,"column":55},"end":{"line":211,"column":null}},"58":{"start":{"line":225,"column":55},"end":{"line":225,"column":null}}},"fnMap":{"0":{"name":"Login","decl":{"start":{"line":8,"column":24},"end":{"line":8,"column":32}},"loc":{"start":{"line":8,"column":32},"end":{"line":244,"column":null}},"line":8},"1":{"name":"(anonymous_1)","decl":{"start":{"line":18,"column":21},"end":{"line":18,"column":27}},"loc":{"start":{"line":18,"column":27},"end":{"line":36,"column":null}},"line":18},"2":{"name":"(anonymous_2)","decl":{"start":{"line":38,"column":25},"end":{"line":38,"column":26}},"loc":{"start":{"line":38,"column":36},"end":{"line":46,"column":null}},"line":38},"3":{"name":"(anonymous_3)","decl":{"start":{"line":41,"column":20},"end":{"line":41,"column":21}},"loc":{"start":{"line":41,"column":31},"end":{"line":41,"column":58}},"line":41},"4":{"name":"(anonymous_4)","decl":{"start":{"line":44,"column":22},"end":{"line":44,"column":23}},"loc":{"start":{"line":44,"column":33},"end":{"line":44,"column":57}},"line":44},"5":{"name":"(anonymous_5)","decl":{"start":{"line":48,"column":25},"end":{"line":48,"column":32}},"loc":{"start":{"line":48,"column":42},"end":{"line":78,"column":null}},"line":48},"6":{"name":"(anonymous_6)","decl":{"start":{"line":80,"column":32},"end":{"line":80,"column":39}},"loc":{"start":{"line":80,"column":62},"end":{"line":102,"column":null}},"line":80},"7":{"name":"(anonymous_7)","decl":{"start":{"line":211,"column":49},"end":{"line":211,"column":55}},"loc":{"start":{"line":211,"column":55},"end":{"line":211,"column":null}},"line":211},"8":{"name":"(anonymous_8)","decl":{"start":{"line":225,"column":49},"end":{"line":225,"column":55}},"loc":{"start":{"line":225,"column":55},"end":{"line":225,"column":null}},"line":225}},"branchMap":{"0":{"loc":{"start":{"line":22,"column":8},"end":{"line":26,"column":null}},"type":"if","locations":[{"start":{"line":22,"column":8},"end":{"line":26,"column":null}},{"start":{"line":24,"column":8},"end":{"line":26,"column":null}}],"line":22},"1":{"loc":{"start":{"line":24,"column":8},"end":{"line":26,"column":null}},"type":"if","locations":[{"start":{"line":24,"column":8},"end":{"line":26,"column":null}},{"start":{},"end":{}}],"line":24},"2":{"loc":{"start":{"line":28,"column":8},"end":{"line":32,"column":null}},"type":"if","locations":[{"start":{"line":28,"column":8},"end":{"line":32,"column":null}},{"start":{"line":30,"column":8},"end":{"line":32,"column":null}}],"line":28},"3":{"loc":{"start":{"line":30,"column":8},"end":{"line":32,"column":null}},"type":"if","locations":[{"start":{"line":30,"column":8},"end":{"line":32,"column":null}},{"start":{},"end":{}}],"line":30},"4":{"loc":{"start":{"line":43,"column":8},"end":{"line":45,"column":null}},"type":"if","locations":[{"start":{"line":43,"column":8},"end":{"line":45,"column":null}},{"start":{},"end":{}}],"line":43},"5":{"loc":{"start":{"line":51,"column":8},"end":{"line":77,"column":null}},"type":"if","locations":[{"start":{"line":51,"column":8},"end":{"line":77,"column":null}},{"start":{},"end":{}}],"line":51},"6":{"loc":{"start":{"line":61,"column":16},"end":{"line":64,"column":null}},"type":"if","locations":[{"start":{"line":61,"column":16},"end":{"line":64,"column":null}},{"start":{},"end":{}}],"line":61},"7":{"loc":{"start":{"line":67,"column":16},"end":{"line":69,"column":null}},"type":"if","locations":[{"start":{"line":67,"column":16},"end":{"line":69,"column":null}},{"start":{},"end":{}}],"line":67},"8":{"loc":{"start":{"line":72,"column":35},"end":{"line":72,"column":null}},"type":"binary-expr","locations":[{"start":{"line":72,"column":35},"end":{"line":72,"column":59}},{"start":{"line":72,"column":59},"end":{"line":72,"column":null}}],"line":72},"9":{"loc":{"start":{"line":75,"column":28},"end":{"line":75,"column":74}},"type":"binary-expr","locations":[{"start":{"line":75,"column":28},"end":{"line":75,"column":60}},{"start":{"line":75,"column":60},"end":{"line":75,"column":74}}],"line":75},"10":{"loc":{"start":{"line":86,"column":12},"end":{"line":89,"column":null}},"type":"if","locations":[{"start":{"line":86,"column":12},"end":{"line":89,"column":null}},{"start":{},"end":{}}],"line":86},"11":{"loc":{"start":{"line":92,"column":12},"end":{"line":94,"column":null}},"type":"if","locations":[{"start":{"line":92,"column":12},"end":{"line":94,"column":null}},{"start":{},"end":{}}],"line":92},"12":{"loc":{"start":{"line":97,"column":31},"end":{"line":97,"column":null}},"type":"binary-expr","locations":[{"start":{"line":97,"column":31},"end":{"line":97,"column":55}},{"start":{"line":97,"column":55},"end":{"line":97,"column":null}}],"line":97},"13":{"loc":{"start":{"line":100,"column":24},"end":{"line":100,"column":77}},"type":"binary-expr","locations":[{"start":{"line":100,"column":24},"end":{"line":100,"column":56}},{"start":{"line":100,"column":56},"end":{"line":100,"column":77}}],"line":100},"14":{"loc":{"start":{"line":150,"column":184},"end":{"line":152,"column":null}},"type":"cond-expr","locations":[{"start":{"line":151,"column":50},"end":{"line":151,"column":null}},{"start":{"line":152,"column":50},"end":{"line":152,"column":null}}],"line":150},"15":{"loc":{"start":{"line":156,"column":37},"end":{"line":157,"column":null}},"type":"binary-expr","locations":[{"start":{"line":156,"column":37},"end":{"line":156,"column":null}},{"start":{"line":157,"column":40},"end":{"line":157,"column":null}}],"line":156},"16":{"loc":{"start":{"line":185,"column":184},"end":{"line":187,"column":null}},"type":"cond-expr","locations":[{"start":{"line":186,"column":50},"end":{"line":186,"column":null}},{"start":{"line":187,"column":50},"end":{"line":187,"column":null}}],"line":185},"17":{"loc":{"start":{"line":191,"column":37},"end":{"line":194,"column":null}},"type":"binary-expr","locations":[{"start":{"line":191,"column":37},"end":{"line":191,"column":null}},{"start":{"line":192,"column":40},"end":{"line":194,"column":null}}],"line":191}},"s":{"0":6,"1":6,"2":6,"3":6,"4":6,"5":1,"6":1,"7":1,"8":1,"9":0,"10":0,"11":1,"12":1,"13":0,"14":0,"15":1,"16":1,"17":6,"18":2,"19":2,"20":2,"21":2,"22":0,"23":0,"24":6,"25":1,"26":1,"27":0,"28":0,"29":0,"30":0,"31":0,"32":0,"33":0,"34":0,"35":0,"36":0,"37":0,"38":0,"39":0,"40":0,"41":6,"42":0,"43":0,"44":0,"45":0,"46":0,"47":0,"48":0,"49":0,"50":0,"51":0,"52":0,"53":0,"54":0,"55":0,"56":6,"57":0,"58":0},"f":{"0":6,"1":1,"2":2,"3":2,"4":0,"5":1,"6":0,"7":0,"8":0},"b":{"0":[1,0],"1":[0,0],"2":[1,0],"3":[0,0],"4":[0,2],"5":[0,1],"6":[0,0],"7":[0,0],"8":[0,0],"9":[0,0],"10":[0,0],"11":[0,0],"12":[0,0],"13":[0,0],"14":[1,5],"15":[6,1],"16":[1,5],"17":[6,1]},"meta":{"lastBranch":18,"lastFunction":9,"lastStatement":59,"seen":{"f:8:24:8:32":0,"s:9:10:9:Infinity":0,"s:10:10:10:Infinity":1,"s:11:32:14:Infinity":2,"s:16:28:16:Infinity":3,"s:18:21:36:Infinity":4,"f:18:21:18:27":1,"s:19:26:19:Infinity":5,"s:20:29:20:Infinity":6,"b:22:8:26:Infinity:24:8:26:Infinity":0,"s:22:8:26:Infinity":7,"s:23:12:23:Infinity":8,"b:24:8:26:Infinity:undefined:undefined:undefined:undefined":1,"s:24:8:26:Infinity":9,"s:25:12:25:Infinity":10,"b:28:8:32:Infinity:30:8:32:Infinity":2,"s:28:8:32:Infinity":11,"s:29:12:29:Infinity":12,"b:30:8:32:Infinity:undefined:undefined:undefined:undefined":3,"s:30:8:32:Infinity":13,"s:31:12:31:Infinity":14,"s:34:8:34:Infinity":15,"s:35:8:35:Infinity":16,"s:38:25:46:Infinity":17,"f:38:25:38:26":2,"s:39:32:39:Infinity":18,"s:41:8:41:Infinity":19,"f:41:20:41:21":3,"s:41:31:41:58":20,"b:43:8:45:Infinity:undefined:undefined:undefined:undefined":4,"s:43:8:45:Infinity":21,"s:44:12:44:Infinity":22,"f:44:22:44:23":4,"s:44:33:44:57":23,"s:48:25:78:Infinity":24,"f:48:25:48:32":5,"s:49:8:49:Infinity":25,"b:51:8:77:Infinity:undefined:undefined:undefined:undefined":5,"s:51:8:77:Infinity":26,"s:52:12:76:Infinity":27,"s:53:28:56:Infinity":28,"s:58:30:58:Infinity":29,"s:59:29:59:Infinity":30,"b:61:16:64:Infinity:undefined:undefined:undefined:undefined":6,"s:61:16:64:Infinity":31,"s:62:20:62:Infinity":32,"s:63:20:63:Infinity":33,"s:66:16:66:Infinity":34,"b:67:16:69:Infinity:undefined:undefined:undefined:undefined":7,"s:67:16:69:Infinity":35,"s:68:20:68:Infinity":36,"s:71:16:71:Infinity":37,"s:72:35:72:Infinity":38,"b:72:35:72:59:72:59:72:Infinity":8,"s:73:16:73:Infinity":39,"s:75:16:75:Infinity":40,"b:75:28:75:60:75:60:75:74":9,"s:80:32:102:Infinity":41,"f:80:32:80:39":6,"s:81:8:101:Infinity":42,"s:82:24:82:Infinity":43,"s:83:26:83:Infinity":44,"s:84:25:84:Infinity":45,"b:86:12:89:Infinity:undefined:undefined:undefined:undefined":10,"s:86:12:89:Infinity":46,"s:87:16:87:Infinity":47,"s:88:16:88:Infinity":48,"s:91:12:91:Infinity":49,"b:92:12:94:Infinity:undefined:undefined:undefined:undefined":11,"s:92:12:94:Infinity":50,"s:93:16:93:Infinity":51,"s:96:12:96:Infinity":52,"s:97:31:97:Infinity":53,"b:97:31:97:55:97:55:97:Infinity":12,"s:98:12:98:Infinity":54,"s:100:12:100:Infinity":55,"b:100:24:100:56:100:56:100:77":13,"s:104:4:242:Infinity":56,"b:151:50:151:Infinity:152:50:152:Infinity":14,"b:156:37:156:Infinity:157:40:157:Infinity":15,"b:186:50:186:Infinity:187:50:187:Infinity":16,"b:191:37:191:Infinity:192:40:194:Infinity":17,"f:211:49:211:55":7,"s:211:55:211:Infinity":57,"f:225:49:225:55":8,"s:225:55:225:Infinity":58},"fnNames":{}}}
,"C:\\Users\\bhuva\\Desktop\\ProjectForge-dev\\frontend\\src\\pages\\Auth\\Api\\auth.js": {"path":"C:\\Users\\bhuva\\Desktop\\ProjectForge-dev\\frontend\\src\\pages\\Auth\\Api\\auth.js","statementMap":{"0":{"start":{"line":3,"column":2},"end":{"line":4,"column":8}},"1":{"start":{"line":5,"column":12},"end":{"line":9,"column":2}}},"fnMap":{},"branchMap":{"0":{"loc":{"start":{"line":3,"column":2},"end":{"line":4,"column":8}},"type":"binary-expr","locations":[{"start":{"line":3,"column":3},"end":{"line":3,"column":37}},{"start":{"line":3,"column":41},"end":{"line":3,"column":56}},{"start":{"line":3,"column":60},"end":{"line":3,"column":88}},{"start":{"line":4,"column":2},"end":{"line":4,"column":8}}],"line":3}},"s":{"0":1,"1":1},"f":{},"b":{"0":[1,1,1,1]},"meta":{"lastBranch":1,"lastFunction":0,"lastStatement":2,"seen":{"s:3:2:4:8":0,"b:3:3:3:37:3:41:3:56:3:60:3:88:4:2:4:8":0,"s:5:12:9:2":1},"fnNames":{}}}
,"C:\\Users\\bhuva\\Desktop\\ProjectForge-dev\\frontend\\src\\pages\\Auth\\Api\\routes.js": {"path":"C:\\Users\\bhuva\\Desktop\\ProjectForge-dev\\frontend\\src\\pages\\Auth\\Api\\routes.js","statementMap":{"0":{"start":{"line":2,"column":26},"end":{"line":2,"column":71}},"1":{"start":{"line":2,"column":39},"end":{"line":2,"column":71}},"2":{"start":{"line":3,"column":29},"end":{"line":3,"column":77}},"3":{"start":{"line":3,"column":42},"end":{"line":3,"column":77}},"4":{"start":{"line":4,"column":28},"end":{"line":4,"column":74}},"5":{"start":{"line":4,"column":41},"end":{"line":4,"column":74}},"6":{"start":{"line":5,"column":31},"end":{"line":5,"column":86}},"7":{"start":{"line":5,"column":44},"end":{"line":5,"column":86}},"8":{"start":{"line":6,"column":30},"end":{"line":6,"column":100}},"9":{"start":{"line":6,"column":50},"end":{"line":6,"column":100}}},"fnMap":{"0":{"name":"(anonymous_0)","decl":{"start":{"line":2,"column":26},"end":{"line":2,"column":27}},"loc":{"start":{"line":2,"column":39},"end":{"line":2,"column":71}},"line":2},"1":{"name":"(anonymous_1)","decl":{"start":{"line":3,"column":29},"end":{"line":3,"column":30}},"loc":{"start":{"line":3,"column":42},"end":{"line":3,"column":77}},"line":3},"2":{"name":"(anonymous_2)","decl":{"start":{"line":4,"column":28},"end":{"line":4,"column":29}},"loc":{"start":{"line":4,"column":41},"end":{"line":4,"column":74}},"line":4},"3":{"name":"(anonymous_3)","decl":{"start":{"line":5,"column":31},"end":{"line":5,"column":32}},"loc":{"start":{"line":5,"column":44},"end":{"line":5,"column":86}},"line":5},"4":{"name":"(anonymous_4)","decl":{"start":{"line":6,"column":30},"end":{"line":6,"column":31}},"loc":{"start":{"line":6,"column":50},"end":{"line":6,"column":100}},"line":6}},"branchMap":{},"s":{"0":1,"1":0,"2":1,"3":0,"4":1,"5":0,"6":1,"7":0,"8":1,"9":0},"f":{"0":0,"1":0,"2":0,"3":0,"4":0},"b":{},"meta":{"lastBranch":0,"lastFunction":5,"lastStatement":10,"seen":{"s:2:26:2:71":0,"f:2:26:2:27":0,"s:2:39:2:71":1,"s:3:29:3:77":2,"f:3:29:3:30":1,"s:3:42:3:77":3,"s:4:28:4:74":4,"f:4:28:4:29":2,"s:4:41:4:74":5,"s:5:31:5:86":6,"f:5:31:5:32":3,"s:5:44:5:86":7,"s:6:30:6:100":8,"f:6:30:6:31":4,"s:6:50:6:100":9},"fnNames":{}}}
}
