{"/home/runner/work/ProjectForge/ProjectForge/frontend/src/assets/logo/logo.jpg": {"path":"/home/runner/work/ProjectForge/ProjectForge/frontend/src/assets/logo/logo.jpg","statementMap":{},"fnMap":{},"branchMap":{},"s":{},"f":{},"b":{},"meta":{"lastBranch":0,"lastFunction":0,"lastStatement":0,"seen":{},"fnNames":{}}}
,"/home/runner/work/ProjectForge/ProjectForge/frontend/src/pages/Auth/login.jsx": {"path":"/home/runner/work/ProjectForge/ProjectForge/frontend/src/pages/Auth/login.jsx","statementMap":{"0":{"start":{"line":9,"column":10},"end":{"line":9,"column":null}},"1":{"start":{"line":10,"column":10},"end":{"line":10,"column":null}},"2":{"start":{"line":11,"column":32},"end":{"line":14,"column":null}},"3":{"start":{"line":15,"column":40},"end":{"line":15,"column":null}},"4":{"start":{"line":17,"column":28},"end":{"line":17,"column":null}},"5":{"start":{"line":19,"column":21},"end":{"line":37,"column":null}},"6":{"start":{"line":20,"column":26},"end":{"line":20,"column":null}},"7":{"start":{"line":21,"column":29},"end":{"line":21,"column":null}},"8":{"start":{"line":23,"column":8},"end":{"line":27,"column":null}},"9":{"start":{"line":24,"column":12},"end":{"line":24,"column":null}},"10":{"start":{"line":25,"column":8},"end":{"line":27,"column":null}},"11":{"start":{"line":26,"column":12},"end":{"line":26,"column":null}},"12":{"start":{"line":29,"column":8},"end":{"line":33,"column":null}},"13":{"start":{"line":30,"column":12},"end":{"line":30,"column":null}},"14":{"start":{"line":31,"column":8},"end":{"line":33,"column":null}},"15":{"start":{"line":32,"column":12},"end":{"line":32,"column":null}},"16":{"start":{"line":35,"column":8},"end":{"line":35,"column":null}},"17":{"start":{"line":36,"column":8},"end":{"line":36,"column":null}},"18":{"start":{"line":39,"column":25},"end":{"line":47,"column":null}},"19":{"start":{"line":40,"column":32},"end":{"line":40,"column":null}},"20":{"start":{"line":42,"column":8},"end":{"line":42,"column":null}},"21":{"start":{"line":42,"column":31},"end":{"line":42,"column":58}},"22":{"start":{"line":44,"column":8},"end":{"line":46,"column":null}},"23":{"start":{"line":45,"column":12},"end":{"line":45,"column":null}},"24":{"start":{"line":45,"column":33},"end":{"line":45,"column":57}},"25":{"start":{"line":49,"column":25},"end":{"line":79,"column":null}},"26":{"start":{"line":50,"column":8},"end":{"line":50,"column":null}},"27":{"start":{"line":52,"column":8},"end":{"line":78,"column":null}},"28":{"start":{"line":53,"column":12},"end":{"line":77,"column":null}},"29":{"start":{"line":54,"column":28},"end":{"line":57,"column":null}},"30":{"start":{"line":59,"column":30},"end":{"line":59,"column":null}},"31":{"start":{"line":60,"column":29},"end":{"line":60,"column":null}},"32":{"start":{"line":62,"column":16},"end":{"line":65,"column":null}},"33":{"start":{"line":63,"column":20},"end":{"line":63,"column":null}},"34":{"start":{"line":64,"column":20},"end":{"line":64,"column":null}},"35":{"start":{"line":67,"column":16},"end":{"line":67,"column":null}},"36":{"start":{"line":68,"column":16},"end":{"line":70,"column":null}},"37":{"start":{"line":69,"column":20},"end":{"line":69,"column":null}},"38":{"start":{"line":72,"column":16},"end":{"line":72,"column":null}},"39":{"start":{"line":73,"column":35},"end":{"line":73,"column":null}},"40":{"start":{"line":74,"column":16},"end":{"line":74,"column":null}},"41":{"start":{"line":76,"column":16},"end":{"line":76,"column":null}},"42":{"start":{"line":81,"column":32},"end":{"line":103,"column":null}},"43":{"start":{"line":82,"column":8},"end":{"line":102,"column":null}},"44":{"start":{"line":83,"column":24},"end":{"line":83,"column":null}},"45":{"start":{"line":84,"column":26},"end":{"line":84,"column":null}},"46":{"start":{"line":85,"column":25},"end":{"line":85,"column":null}},"47":{"start":{"line":87,"column":12},"end":{"line":90,"column":null}},"48":{"start":{"line":88,"column":16},"end":{"line":88,"column":null}},"49":{"start":{"line":89,"column":16},"end":{"line":89,"column":null}},"50":{"start":{"line":92,"column":12},"end":{"line":92,"column":null}},"51":{"start":{"line":93,"column":12},"end":{"line":95,"column":null}},"52":{"start":{"line":94,"column":16},"end":{"line":94,"column":null}},"53":{"start":{"line":97,"column":12},"end":{"line":97,"column":null}},"54":{"start":{"line":98,"column":31},"end":{"line":98,"column":null}},"55":{"start":{"line":99,"column":12},"end":{"line":99,"column":null}},"56":{"start":{"line":101,"column":12},"end":{"line":101,"column":null}},"57":{"start":{"line":105,"column":4},"end":{"line":263,"column":null}},"58":{"start":{"line":191,"column":59},"end":{"line":191,"column":null}},"59":{"start":{"line":231,"column":55},"end":{"line":231,"column":null}},"60":{"start":{"line":246,"column":55},"end":{"line":246,"column":null}}},"fnMap":{"0":{"name":"Login","decl":{"start":{"line":8,"column":24},"end":{"line":8,"column":32}},"loc":{"start":{"line":8,"column":32},"end":{"line":265,"column":null}},"line":8},"1":{"name":"(anonymous_1)","decl":{"start":{"line":19,"column":21},"end":{"line":19,"column":27}},"loc":{"start":{"line":19,"column":27},"end":{"line":37,"column":null}},"line":19},"2":{"name":"(anonymous_2)","decl":{"start":{"line":39,"column":25},"end":{"line":39,"column":26}},"loc":{"start":{"line":39,"column":36},"end":{"line":47,"column":null}},"line":39},"3":{"name":"(anonymous_3)","decl":{"start":{"line":42,"column":20},"end":{"line":42,"column":21}},"loc":{"start":{"line":42,"column":31},"end":{"line":42,"column":58}},"line":42},"4":{"name":"(anonymous_4)","decl":{"start":{"line":45,"column":22},"end":{"line":45,"column":23}},"loc":{"start":{"line":45,"column":33},"end":{"line":45,"column":57}},"line":45},"5":{"name":"(anonymous_5)","decl":{"start":{"line":49,"column":25},"end":{"line":49,"column":32}},"loc":{"start":{"line":49,"column":42},"end":{"line":79,"column":null}},"line":49},"6":{"name":"(anonymous_6)","decl":{"start":{"line":81,"column":32},"end":{"line":81,"column":39}},"loc":{"start":{"line":81,"column":62},"end":{"line":103,"column":null}},"line":81},"7":{"name":"(anonymous_7)","decl":{"start":{"line":191,"column":53},"end":{"line":191,"column":59}},"loc":{"start":{"line":191,"column":59},"end":{"line":191,"column":null}},"line":191},"8":{"name":"(anonymous_8)","decl":{"start":{"line":231,"column":49},"end":{"line":231,"column":55}},"loc":{"start":{"line":231,"column":55},"end":{"line":231,"column":null}},"line":231},"9":{"name":"(anonymous_9)","decl":{"start":{"line":246,"column":49},"end":{"line":246,"column":55}},"loc":{"start":{"line":246,"column":55},"end":{"line":246,"column":null}},"line":246}},"branchMap":{"0":{"loc":{"start":{"line":23,"column":8},"end":{"line":27,"column":null}},"type":"if","locations":[{"start":{"line":23,"column":8},"end":{"line":27,"column":null}},{"start":{"line":25,"column":8},"end":{"line":27,"column":null}}],"line":23},"1":{"loc":{"start":{"line":25,"column":8},"end":{"line":27,"column":null}},"type":"if","locations":[{"start":{"line":25,"column":8},"end":{"line":27,"column":null}},{"start":{},"end":{}}],"line":25},"2":{"loc":{"start":{"line":29,"column":8},"end":{"line":33,"column":null}},"type":"if","locations":[{"start":{"line":29,"column":8},"end":{"line":33,"column":null}},{"start":{"line":31,"column":8},"end":{"line":33,"column":null}}],"line":29},"3":{"loc":{"start":{"line":31,"column":8},"end":{"line":33,"column":null}},"type":"if","locations":[{"start":{"line":31,"column":8},"end":{"line":33,"column":null}},{"start":{},"end":{}}],"line":31},"4":{"loc":{"start":{"line":44,"column":8},"end":{"line":46,"column":null}},"type":"if","locations":[{"start":{"line":44,"column":8},"end":{"line":46,"column":null}},{"start":{},"end":{}}],"line":44},"5":{"loc":{"start":{"line":52,"column":8},"end":{"line":78,"column":null}},"type":"if","locations":[{"start":{"line":52,"column":8},"end":{"line":78,"column":null}},{"start":{},"end":{}}],"line":52},"6":{"loc":{"start":{"line":62,"column":16},"end":{"line":65,"column":null}},"type":"if","locations":[{"start":{"line":62,"column":16},"end":{"line":65,"column":null}},{"start":{},"end":{}}],"line":62},"7":{"loc":{"start":{"line":68,"column":16},"end":{"line":70,"column":null}},"type":"if","locations":[{"start":{"line":68,"column":16},"end":{"line":70,"column":null}},{"start":{},"end":{}}],"line":68},"8":{"loc":{"start":{"line":73,"column":35},"end":{"line":73,"column":null}},"type":"binary-expr","locations":[{"start":{"line":73,"column":35},"end":{"line":73,"column":59}},{"start":{"line":73,"column":59},"end":{"line":73,"column":null}}],"line":73},"9":{"loc":{"start":{"line":76,"column":28},"end":{"line":76,"column":74}},"type":"binary-expr","locations":[{"start":{"line":76,"column":28},"end":{"line":76,"column":60}},{"start":{"line":76,"column":60},"end":{"line":76,"column":74}}],"line":76},"10":{"loc":{"start":{"line":87,"column":12},"end":{"line":90,"column":null}},"type":"if","locations":[{"start":{"line":87,"column":12},"end":{"line":90,"column":null}},{"start":{},"end":{}}],"line":87},"11":{"loc":{"start":{"line":93,"column":12},"end":{"line":95,"column":null}},"type":"if","locations":[{"start":{"line":93,"column":12},"end":{"line":95,"column":null}},{"start":{},"end":{}}],"line":93},"12":{"loc":{"start":{"line":98,"column":31},"end":{"line":98,"column":null}},"type":"binary-expr","locations":[{"start":{"line":98,"column":31},"end":{"line":98,"column":55}},{"start":{"line":98,"column":55},"end":{"line":98,"column":null}}],"line":98},"13":{"loc":{"start":{"line":101,"column":24},"end":{"line":101,"column":77}},"type":"binary-expr","locations":[{"start":{"line":101,"column":24},"end":{"line":101,"column":56}},{"start":{"line":101,"column":56},"end":{"line":101,"column":77}}],"line":101},"14":{"loc":{"start":{"line":146,"column":187},"end":{"line":148,"column":null}},"type":"cond-expr","locations":[{"start":{"line":147,"column":50},"end":{"line":147,"column":null}},{"start":{"line":148,"column":50},"end":{"line":148,"column":null}}],"line":146},"15":{"loc":{"start":{"line":152,"column":37},"end":{"line":153,"column":null}},"type":"binary-expr","locations":[{"start":{"line":152,"column":37},"end":{"line":152,"column":null}},{"start":{"line":153,"column":40},"end":{"line":153,"column":null}}],"line":152},"16":{"loc":{"start":{"line":180,"column":50},"end":{"line":180,"column":null}},"type":"cond-expr","locations":[{"start":{"line":180,"column":65},"end":{"line":180,"column":74}},{"start":{"line":180,"column":74},"end":{"line":180,"column":null}}],"line":180},"17":{"loc":{"start":{"line":184,"column":197},"end":{"line":186,"column":null}},"type":"cond-expr","locations":[{"start":{"line":185,"column":54},"end":{"line":185,"column":null}},{"start":{"line":186,"column":54},"end":{"line":186,"column":null}}],"line":184},"18":{"loc":{"start":{"line":193,"column":56},"end":{"line":193,"column":null}},"type":"cond-expr","locations":[{"start":{"line":193,"column":71},"end":{"line":193,"column":89}},{"start":{"line":193,"column":89},"end":{"line":193,"column":null}}],"line":193},"19":{"loc":{"start":{"line":195,"column":45},"end":{"line":206,"column":null}},"type":"cond-expr","locations":[{"start":{"line":196,"column":48},"end":{"line":201,"column":null}},{"start":{"line":203,"column":48},"end":{"line":206,"column":null}}],"line":195},"20":{"loc":{"start":{"line":211,"column":37},"end":{"line":214,"column":null}},"type":"binary-expr","locations":[{"start":{"line":211,"column":37},"end":{"line":211,"column":null}},{"start":{"line":212,"column":40},"end":{"line":214,"column":null}}],"line":211}},"s":{"0":6,"1":6,"2":6,"3":6,"4":6,"5":6,"6":1,"7":1,"8":1,"9":1,"10":0,"11":0,"12":1,"13":1,"14":0,"15":0,"16":1,"17":1,"18":6,"19":2,"20":2,"21":2,"22":2,"23":0,"24":0,"25":6,"26":1,"27":1,"28":0,"29":0,"30":0,"31":0,"32":0,"33":0,"34":0,"35":0,"36":0,"37":0,"38":0,"39":0,"40":0,"41":0,"42":6,"43":0,"44":0,"45":0,"46":0,"47":0,"48":0,"49":0,"50":0,"51":0,"52":0,"53":0,"54":0,"55":0,"56":0,"57":6,"58":0,"59":0,"60":0},"f":{"0":6,"1":1,"2":2,"3":2,"4":0,"5":1,"6":0,"7":0,"8":0,"9":0},"b":{"0":[1,0],"1":[0,0],"2":[1,0],"3":[0,0],"4":[0,2],"5":[0,1],"6":[0,0],"7":[0,0],"8":[0,0],"9":[0,0],"10":[0,0],"11":[0,0],"12":[0,0],"13":[0,0],"14":[1,5],"15":[6,1],"16":[0,6],"17":[1,5],"18":[0,6],"19":[0,6],"20":[6,1]},"meta":{"lastBranch":21,"lastFunction":10,"lastStatement":61,"seen":{"f:8:24:8:32":0,"s:9:10:9:Infinity":0,"s:10:10:10:Infinity":1,"s:11:32:14:Infinity":2,"s:15:40:15:Infinity":3,"s:17:28:17:Infinity":4,"s:19:21:37:Infinity":5,"f:19:21:19:27":1,"s:20:26:20:Infinity":6,"s:21:29:21:Infinity":7,"b:23:8:27:Infinity:25:8:27:Infinity":0,"s:23:8:27:Infinity":8,"s:24:12:24:Infinity":9,"b:25:8:27:Infinity:undefined:undefined:undefined:undefined":1,"s:25:8:27:Infinity":10,"s:26:12:26:Infinity":11,"b:29:8:33:Infinity:31:8:33:Infinity":2,"s:29:8:33:Infinity":12,"s:30:12:30:Infinity":13,"b:31:8:33:Infinity:undefined:undefined:undefined:undefined":3,"s:31:8:33:Infinity":14,"s:32:12:32:Infinity":15,"s:35:8:35:Infinity":16,"s:36:8:36:Infinity":17,"s:39:25:47:Infinity":18,"f:39:25:39:26":2,"s:40:32:40:Infinity":19,"s:42:8:42:Infinity":20,"f:42:20:42:21":3,"s:42:31:42:58":21,"b:44:8:46:Infinity:undefined:undefined:undefined:undefined":4,"s:44:8:46:Infinity":22,"s:45:12:45:Infinity":23,"f:45:22:45:23":4,"s:45:33:45:57":24,"s:49:25:79:Infinity":25,"f:49:25:49:32":5,"s:50:8:50:Infinity":26,"b:52:8:78:Infinity:undefined:undefined:undefined:undefined":5,"s:52:8:78:Infinity":27,"s:53:12:77:Infinity":28,"s:54:28:57:Infinity":29,"s:59:30:59:Infinity":30,"s:60:29:60:Infinity":31,"b:62:16:65:Infinity:undefined:undefined:undefined:undefined":6,"s:62:16:65:Infinity":32,"s:63:20:63:Infinity":33,"s:64:20:64:Infinity":34,"s:67:16:67:Infinity":35,"b:68:16:70:Infinity:undefined:undefined:undefined:undefined":7,"s:68:16:70:Infinity":36,"s:69:20:69:Infinity":37,"s:72:16:72:Infinity":38,"s:73:35:73:Infinity":39,"b:73:35:73:59:73:59:73:Infinity":8,"s:74:16:74:Infinity":40,"s:76:16:76:Infinity":41,"b:76:28:76:60:76:60:76:74":9,"s:81:32:103:Infinity":42,"f:81:32:81:39":6,"s:82:8:102:Infinity":43,"s:83:24:83:Infinity":44,"s:84:26:84:Infinity":45,"s:85:25:85:Infinity":46,"b:87:12:90:Infinity:undefined:undefined:undefined:undefined":10,"s:87:12:90:Infinity":47,"s:88:16:88:Infinity":48,"s:89:16:89:Infinity":49,"s:92:12:92:Infinity":50,"b:93:12:95:Infinity:undefined:undefined:undefined:undefined":11,"s:93:12:95:Infinity":51,"s:94:16:94:Infinity":52,"s:97:12:97:Infinity":53,"s:98:31:98:Infinity":54,"b:98:31:98:55:98:55:98:Infinity":12,"s:99:12:99:Infinity":55,"s:101:12:101:Infinity":56,"b:101:24:101:56:101:56:101:77":13,"s:105:4:263:Infinity":57,"b:147:50:147:Infinity:148:50:148:Infinity":14,"b:152:37:152:Infinity:153:40:153:Infinity":15,"b:180:65:180:74:180:74:180:Infinity":16,"b:185:54:185:Infinity:186:54:186:Infinity":17,"f:191:53:191:59":7,"s:191:59:191:Infinity":58,"b:193:71:193:89:193:89:193:Infinity":18,"b:196:48:201:Infinity:203:48:206:Infinity":19,"b:211:37:211:Infinity:212:40:214:Infinity":20,"f:231:49:231:55":8,"s:231:55:231:Infinity":59,"f:246:49:246:55":9,"s:246:55:246:Infinity":60},"fnNames":{}}}
,"/home/runner/work/ProjectForge/ProjectForge/frontend/src/pages/Auth/Api/auth.js": {"path":"/home/runner/work/ProjectForge/ProjectForge/frontend/src/pages/Auth/Api/auth.js","statementMap":{"0":{"start":{"line":3,"column":2},"end":{"line":4,"column":8}},"1":{"start":{"line":5,"column":12},"end":{"line":9,"column":null}}},"fnMap":{},"branchMap":{"0":{"loc":{"start":{"line":3,"column":2},"end":{"line":4,"column":8}},"type":"binary-expr","locations":[{"start":{"line":3,"column":3},"end":{"line":3,"column":37}},{"start":{"line":3,"column":41},"end":{"line":3,"column":56}},{"start":{"line":3,"column":60},"end":{"line":3,"column":88}},{"start":{"line":4,"column":2},"end":{"line":4,"column":8}}],"line":3}},"s":{"0":1,"1":1},"f":{},"b":{"0":[1,1,1,1]},"meta":{"lastBranch":1,"lastFunction":0,"lastStatement":2,"seen":{"s:3:2:4:8":0,"b:3:3:3:37:3:41:3:56:3:60:3:88:4:2:4:8":0,"s:5:12:9:Infinity":1},"fnNames":{}}}
,"/home/runner/work/ProjectForge/ProjectForge/frontend/src/pages/Auth/Api/routes.js": {"path":"/home/runner/work/ProjectForge/ProjectForge/frontend/src/pages/Auth/Api/routes.js","statementMap":{"0":{"start":{"line":2,"column":26},"end":{"line":2,"column":71}},"1":{"start":{"line":2,"column":39},"end":{"line":2,"column":71}},"2":{"start":{"line":3,"column":29},"end":{"line":3,"column":77}},"3":{"start":{"line":3,"column":42},"end":{"line":3,"column":77}},"4":{"start":{"line":4,"column":28},"end":{"line":4,"column":74}},"5":{"start":{"line":4,"column":41},"end":{"line":4,"column":74}},"6":{"start":{"line":5,"column":31},"end":{"line":5,"column":86}},"7":{"start":{"line":5,"column":44},"end":{"line":5,"column":86}},"8":{"start":{"line":6,"column":30},"end":{"line":6,"column":100}},"9":{"start":{"line":6,"column":50},"end":{"line":6,"column":100}}},"fnMap":{"0":{"name":"(anonymous_0)","decl":{"start":{"line":2,"column":26},"end":{"line":2,"column":27}},"loc":{"start":{"line":2,"column":39},"end":{"line":2,"column":71}},"line":2},"1":{"name":"(anonymous_1)","decl":{"start":{"line":3,"column":29},"end":{"line":3,"column":30}},"loc":{"start":{"line":3,"column":42},"end":{"line":3,"column":77}},"line":3},"2":{"name":"(anonymous_2)","decl":{"start":{"line":4,"column":28},"end":{"line":4,"column":29}},"loc":{"start":{"line":4,"column":41},"end":{"line":4,"column":74}},"line":4},"3":{"name":"(anonymous_3)","decl":{"start":{"line":5,"column":31},"end":{"line":5,"column":32}},"loc":{"start":{"line":5,"column":44},"end":{"line":5,"column":86}},"line":5},"4":{"name":"(anonymous_4)","decl":{"start":{"line":6,"column":30},"end":{"line":6,"column":31}},"loc":{"start":{"line":6,"column":50},"end":{"line":6,"column":100}},"line":6}},"branchMap":{},"s":{"0":1,"1":0,"2":1,"3":0,"4":1,"5":0,"6":1,"7":0,"8":1,"9":0},"f":{"0":0,"1":0,"2":0,"3":0,"4":0},"b":{},"meta":{"lastBranch":0,"lastFunction":5,"lastStatement":10,"seen":{"s:2:26:2:71":0,"f:2:26:2:27":0,"s:2:39:2:71":1,"s:3:29:3:77":2,"f:3:29:3:30":1,"s:3:42:3:77":3,"s:4:28:4:74":4,"f:4:28:4:29":2,"s:4:41:4:74":5,"s:5:31:5:86":6,"f:5:31:5:32":3,"s:5:44:5:86":7,"s:6:30:6:100":8,"f:6:30:6:31":4,"s:6:50:6:100":9},"fnNames":{}}}
}
